2021-01-17 23:27:19,635 DEBUG    root            Loaded Command Group: ['gcloud', 'config']
2021-01-17 23:27:19,638 DEBUG    root            Loaded Command Group: ['gcloud', 'config', 'config_helper']
2021-01-17 23:27:19,643 DEBUG    root            Running [gcloud.config.config-helper] with arguments: [--format: "json", --quiet: "True"]
2021-01-17 23:27:19,643 WARNING  root            Could not open the configuration file: [/Users/reokobayashi/.config/gcloud/configurations/config_default].
2021-01-17 23:27:19,658 DEBUG    root            (gcloud.config.config-helper) You do not currently have an active account selected.
Please run:

  $ gcloud auth login

to obtain new credentials.

If you have already logged in with a different account:

    $ gcloud config set account ACCOUNT

to select an already authenticated account to use.
Traceback (most recent call last):
  File "/Users/reokobayashi/Library/Application Support/cloud-code/installer/google-cloud-sdk/lib/googlecloudsdk/calliope/cli.py", line 982, in Execute
    resources = calliope_command.Run(cli=self, args=args)
  File "/Users/reokobayashi/Library/Application Support/cloud-code/installer/google-cloud-sdk/lib/googlecloudsdk/calliope/backend.py", line 809, in Run
    resources = command_instance.Run(args)
  File "/Users/reokobayashi/Library/Application Support/cloud-code/installer/google-cloud-sdk/lib/surface/config/config_helper.py", line 99, in Run
    cred = store.Load(use_google_auth=True)
  File "/Users/reokobayashi/Library/Application Support/cloud-code/installer/google-cloud-sdk/lib/googlecloudsdk/core/credentials/store.py", line 681, in Load
    cred = _Load(account, scopes, prevent_refresh, use_google_auth)
  File "/Users/reokobayashi/Library/Application Support/cloud-code/installer/google-cloud-sdk/lib/googlecloudsdk/core/credentials/store.py", line 762, in _Load
    raise NoActiveAccountException(
googlecloudsdk.core.credentials.store.NoActiveAccountException: You do not currently have an active account selected.
Please run:

  $ gcloud auth login

to obtain new credentials.

If you have already logged in with a different account:

    $ gcloud config set account ACCOUNT

to select an already authenticated account to use.
2021-01-17 23:27:19,659 ERROR    root            (gcloud.config.config-helper) You do not currently have an active account selected.
Please run:

  $ gcloud auth login

to obtain new credentials.

If you have already logged in with a different account:

    $ gcloud config set account ACCOUNT

to select an already authenticated account to use.
