2021-01-17 23:27:16,904 DEBUG    root            Loaded Command Group: ['gcloud', 'components']
2021-01-17 23:27:16,906 DEBUG    root            Loaded Command Group: ['gcloud', 'components', 'list']
2021-01-17 23:27:16,909 DEBUG    root            Running [gcloud.components.list] with arguments: [--format: "json", --quiet: "True"]
2021-01-17 23:27:17,355 INFO     ___FILE_ONLY___ 
Your current Cloud SDK version is: 323.0.0

2021-01-17 23:27:17,356 INFO     ___FILE_ONLY___ The latest available version is: 323.0.0

2021-01-17 23:27:17,356 INFO     ___FILE_ONLY___ 

2021-01-17 23:27:17,358 INFO     root            Display format: "table[box,title="Components"](state.name:label=Status,name:label=Name,id:label=ID,size.size(zero="",min=1048576):label=Size:align=right) json"
2021-01-17 23:27:17,465 INFO     ___FILE_ONLY___ [
  {
2021-01-17 23:27:17,465 INFO     ___FILE_ONLY___ 
    "current_version_string": null,
2021-01-17 23:27:17,465 INFO     ___FILE_ONLY___ 
    "id": "app-engine-go",
2021-01-17 23:27:17,465 INFO     ___FILE_ONLY___ 
    "is_configuration": false,
2021-01-17 23:27:17,466 INFO     ___FILE_ONLY___ 
    "is_hidden": false,
2021-01-17 23:27:17,466 INFO     ___FILE_ONLY___ 
    "latest_version_string": "1.9.71",
2021-01-17 23:27:17,466 INFO     ___FILE_ONLY___ 
    "name": "App Engine Go Extensions",
2021-01-17 23:27:17,466 INFO     ___FILE_ONLY___ 
    "size": 5058488,
2021-01-17 23:27:17,466 INFO     ___FILE_ONLY___ 
    "state": {
2021-01-17 23:27:17,466 INFO     ___FILE_ONLY___ 
      "name": "Not Installed"
2021-01-17 23:27:17,466 INFO     ___FILE_ONLY___ 
    }
2021-01-17 23:27:17,466 INFO     ___FILE_ONLY___ 
  }
2021-01-17 23:27:17,467 INFO     ___FILE_ONLY___ ,
  {
2021-01-17 23:27:17,467 INFO     ___FILE_ONLY___ 
    "current_version_string": null,
2021-01-17 23:27:17,467 INFO     ___FILE_ONLY___ 
    "id": "appctl",
2021-01-17 23:27:17,467 INFO     ___FILE_ONLY___ 
    "is_configuration": false,
2021-01-17 23:27:17,467 INFO     ___FILE_ONLY___ 
    "is_hidden": false,
2021-01-17 23:27:17,467 INFO     ___FILE_ONLY___ 
    "latest_version_string": "0.1.12",
2021-01-17 23:27:17,468 INFO     ___FILE_ONLY___ 
    "name": "Appctl",
2021-01-17 23:27:17,468 INFO     ___FILE_ONLY___ 
    "size": 19381598,
2021-01-17 23:27:17,468 INFO     ___FILE_ONLY___ 
    "state": {
2021-01-17 23:27:17,468 INFO     ___FILE_ONLY___ 
      "name": "Not Installed"
2021-01-17 23:27:17,468 INFO     ___FILE_ONLY___ 
    }
2021-01-17 23:27:17,468 INFO     ___FILE_ONLY___ 
  }
2021-01-17 23:27:17,469 INFO     ___FILE_ONLY___ ,
  {
2021-01-17 23:27:17,469 INFO     ___FILE_ONLY___ 
    "current_version_string": null,
2021-01-17 23:27:17,469 INFO     ___FILE_ONLY___ 
    "id": "cbt",
2021-01-17 23:27:17,469 INFO     ___FILE_ONLY___ 
    "is_configuration": false,
2021-01-17 23:27:17,469 INFO     ___FILE_ONLY___ 
    "is_hidden": false,
2021-01-17 23:27:17,469 INFO     ___FILE_ONLY___ 
    "latest_version_string": "0.9.0",
2021-01-17 23:27:17,469 INFO     ___FILE_ONLY___ 
    "name": "Cloud Bigtable Command Line Tool",
2021-01-17 23:27:17,470 INFO     ___FILE_ONLY___ 
    "size": 7959939,
2021-01-17 23:27:17,470 INFO     ___FILE_ONLY___ 
    "state": {
2021-01-17 23:27:17,470 INFO     ___FILE_ONLY___ 
      "name": "Not Installed"
2021-01-17 23:27:17,470 INFO     ___FILE_ONLY___ 
    }
2021-01-17 23:27:17,470 INFO     ___FILE_ONLY___ 
  }
2021-01-17 23:27:17,471 INFO     ___FILE_ONLY___ ,
  {
2021-01-17 23:27:17,471 INFO     ___FILE_ONLY___ 
    "current_version_string": null,
2021-01-17 23:27:17,471 INFO     ___FILE_ONLY___ 
    "id": "bigtable",
2021-01-17 23:27:17,471 INFO     ___FILE_ONLY___ 
    "is_configuration": false,
2021-01-17 23:27:17,471 INFO     ___FILE_ONLY___ 
    "is_hidden": false,
2021-01-17 23:27:17,471 INFO     ___FILE_ONLY___ 
    "latest_version_string": "",
2021-01-17 23:27:17,471 INFO     ___FILE_ONLY___ 
    "name": "Cloud Bigtable Emulator",
2021-01-17 23:27:17,471 INFO     ___FILE_ONLY___ 
    "size": 6879056,
2021-01-17 23:27:17,472 INFO     ___FILE_ONLY___ 
    "state": {
2021-01-17 23:27:17,472 INFO     ___FILE_ONLY___ 
      "name": "Not Installed"
2021-01-17 23:27:17,472 INFO     ___FILE_ONLY___ 
    }
2021-01-17 23:27:17,472 INFO     ___FILE_ONLY___ 
  }
2021-01-17 23:27:17,472 INFO     ___FILE_ONLY___ ,
  {
2021-01-17 23:27:17,473 INFO     ___FILE_ONLY___ 
    "current_version_string": null,
2021-01-17 23:27:17,473 INFO     ___FILE_ONLY___ 
    "id": "datalab",
2021-01-17 23:27:17,473 INFO     ___FILE_ONLY___ 
    "is_configuration": false,
2021-01-17 23:27:17,473 INFO     ___FILE_ONLY___ 
    "is_hidden": false,
2021-01-17 23:27:17,473 INFO     ___FILE_ONLY___ 
    "latest_version_string": "20190610",
2021-01-17 23:27:17,473 INFO     ___FILE_ONLY___ 
    "name": "Cloud Datalab Command Line Tool",
2021-01-17 23:27:17,473 INFO     ___FILE_ONLY___ 
    "size": 74849,
2021-01-17 23:27:17,473 INFO     ___FILE_ONLY___ 
    "state": {
2021-01-17 23:27:17,473 INFO     ___FILE_ONLY___ 
      "name": "Not Installed"
2021-01-17 23:27:17,473 INFO     ___FILE_ONLY___ 
    }
2021-01-17 23:27:17,474 INFO     ___FILE_ONLY___ 
  }
2021-01-17 23:27:17,474 INFO     ___FILE_ONLY___ ,
  {
2021-01-17 23:27:17,474 INFO     ___FILE_ONLY___ 
    "current_version_string": null,
2021-01-17 23:27:17,474 INFO     ___FILE_ONLY___ 
    "id": "cloud-datastore-emulator",
2021-01-17 23:27:17,474 INFO     ___FILE_ONLY___ 
    "is_configuration": false,
2021-01-17 23:27:17,475 INFO     ___FILE_ONLY___ 
    "is_hidden": false,
2021-01-17 23:27:17,475 INFO     ___FILE_ONLY___ 
    "latest_version_string": "2.1.0",
2021-01-17 23:27:17,475 INFO     ___FILE_ONLY___ 
    "name": "Cloud Datastore Emulator",
2021-01-17 23:27:17,475 INFO     ___FILE_ONLY___ 
    "size": 19269211,
2021-01-17 23:27:17,475 INFO     ___FILE_ONLY___ 
    "state": {
2021-01-17 23:27:17,475 INFO     ___FILE_ONLY___ 
      "name": "Not Installed"
2021-01-17 23:27:17,475 INFO     ___FILE_ONLY___ 
    }
2021-01-17 23:27:17,476 INFO     ___FILE_ONLY___ 
  }
2021-01-17 23:27:17,476 INFO     ___FILE_ONLY___ ,
  {
2021-01-17 23:27:17,476 INFO     ___FILE_ONLY___ 
    "current_version_string": null,
2021-01-17 23:27:17,476 INFO     ___FILE_ONLY___ 
    "id": "cloud-firestore-emulator",
2021-01-17 23:27:17,477 INFO     ___FILE_ONLY___ 
    "is_configuration": false,
2021-01-17 23:27:17,477 INFO     ___FILE_ONLY___ 
    "is_hidden": false,
2021-01-17 23:27:17,477 INFO     ___FILE_ONLY___ 
    "latest_version_string": "1.11.11",
2021-01-17 23:27:17,477 INFO     ___FILE_ONLY___ 
    "name": "Cloud Firestore Emulator",
2021-01-17 23:27:17,477 INFO     ___FILE_ONLY___ 
    "size": 43541370,
2021-01-17 23:27:17,477 INFO     ___FILE_ONLY___ 
    "state": {
2021-01-17 23:27:17,477 INFO     ___FILE_ONLY___ 
      "name": "Not Installed"
2021-01-17 23:27:17,477 INFO     ___FILE_ONLY___ 
    }
2021-01-17 23:27:17,478 INFO     ___FILE_ONLY___ 
  }
2021-01-17 23:27:17,478 INFO     ___FILE_ONLY___ ,
  {
2021-01-17 23:27:17,478 INFO     ___FILE_ONLY___ 
    "current_version_string": null,
2021-01-17 23:27:17,478 INFO     ___FILE_ONLY___ 
    "id": "pubsub-emulator",
2021-01-17 23:27:17,478 INFO     ___FILE_ONLY___ 
    "is_configuration": false,
2021-01-17 23:27:17,478 INFO     ___FILE_ONLY___ 
    "is_hidden": false,
2021-01-17 23:27:17,479 INFO     ___FILE_ONLY___ 
    "latest_version_string": "0.2.0",
2021-01-17 23:27:17,479 INFO     ___FILE_ONLY___ 
    "name": "Cloud Pub/Sub Emulator",
2021-01-17 23:27:17,479 INFO     ___FILE_ONLY___ 
    "size": 59147673,
2021-01-17 23:27:17,479 INFO     ___FILE_ONLY___ 
    "state": {
2021-01-17 23:27:17,479 INFO     ___FILE_ONLY___ 
      "name": "Not Installed"
2021-01-17 23:27:17,479 INFO     ___FILE_ONLY___ 
    }
2021-01-17 23:27:17,479 INFO     ___FILE_ONLY___ 
  }
2021-01-17 23:27:17,480 INFO     ___FILE_ONLY___ ,
  {
2021-01-17 23:27:17,480 INFO     ___FILE_ONLY___ 
    "current_version_string": null,
2021-01-17 23:27:17,480 INFO     ___FILE_ONLY___ 
    "id": "cloud_sql_proxy",
2021-01-17 23:27:17,480 INFO     ___FILE_ONLY___ 
    "is_configuration": false,
2021-01-17 23:27:17,480 INFO     ___FILE_ONLY___ 
    "is_hidden": false,
2021-01-17 23:27:17,480 INFO     ___FILE_ONLY___ 
    "latest_version_string": "1.18.0",
2021-01-17 23:27:17,480 INFO     ___FILE_ONLY___ 
    "name": "Cloud SQL Proxy",
2021-01-17 23:27:17,480 INFO     ___FILE_ONLY___ 
    "size": 7807156,
2021-01-17 23:27:17,481 INFO     ___FILE_ONLY___ 
    "state": {
2021-01-17 23:27:17,481 INFO     ___FILE_ONLY___ 
      "name": "Not Installed"
2021-01-17 23:27:17,481 INFO     ___FILE_ONLY___ 
    }
2021-01-17 23:27:17,481 INFO     ___FILE_ONLY___ 
  }
2021-01-17 23:27:17,481 INFO     ___FILE_ONLY___ ,
  {
2021-01-17 23:27:17,482 INFO     ___FILE_ONLY___ 
    "current_version_string": null,
2021-01-17 23:27:17,482 INFO     ___FILE_ONLY___ 
    "id": "emulator-reverse-proxy",
2021-01-17 23:27:17,482 INFO     ___FILE_ONLY___ 
    "is_configuration": false,
2021-01-17 23:27:17,482 INFO     ___FILE_ONLY___ 
    "is_hidden": false,
2021-01-17 23:27:17,482 INFO     ___FILE_ONLY___ 
    "latest_version_string": "0.0.1",
2021-01-17 23:27:17,482 INFO     ___FILE_ONLY___ 
    "name": "Emulator Reverse Proxy",
2021-01-17 23:27:17,482 INFO     ___FILE_ONLY___ 
    "size": 15162435,
2021-01-17 23:27:17,482 INFO     ___FILE_ONLY___ 
    "state": {
2021-01-17 23:27:17,482 INFO     ___FILE_ONLY___ 
      "name": "Not Installed"
2021-01-17 23:27:17,482 INFO     ___FILE_ONLY___ 
    }
2021-01-17 23:27:17,483 INFO     ___FILE_ONLY___ 
  }
2021-01-17 23:27:17,483 INFO     ___FILE_ONLY___ ,
  {
2021-01-17 23:27:17,483 INFO     ___FILE_ONLY___ 
    "current_version_string": null,
2021-01-17 23:27:17,483 INFO     ___FILE_ONLY___ 
    "id": "cloud-build-local",
2021-01-17 23:27:17,484 INFO     ___FILE_ONLY___ 
    "is_configuration": false,
2021-01-17 23:27:17,484 INFO     ___FILE_ONLY___ 
    "is_hidden": false,
2021-01-17 23:27:17,484 INFO     ___FILE_ONLY___ 
    "latest_version_string": "0.5.2",
2021-01-17 23:27:17,484 INFO     ___FILE_ONLY___ 
    "name": "Google Cloud Build Local Builder",
2021-01-17 23:27:17,484 INFO     ___FILE_ONLY___ 
    "size": 6461890,
2021-01-17 23:27:17,484 INFO     ___FILE_ONLY___ 
    "state": {
2021-01-17 23:27:17,484 INFO     ___FILE_ONLY___ 
      "name": "Not Installed"
2021-01-17 23:27:17,485 INFO     ___FILE_ONLY___ 
    }
2021-01-17 23:27:17,485 INFO     ___FILE_ONLY___ 
  }
2021-01-17 23:27:17,485 INFO     ___FILE_ONLY___ ,
  {
2021-01-17 23:27:17,485 INFO     ___FILE_ONLY___ 
    "current_version_string": null,
2021-01-17 23:27:17,485 INFO     ___FILE_ONLY___ 
    "id": "docker-credential-gcr",
2021-01-17 23:27:17,486 INFO     ___FILE_ONLY___ 
    "is_configuration": false,
2021-01-17 23:27:17,486 INFO     ___FILE_ONLY___ 
    "is_hidden": false,
2021-01-17 23:27:17,486 INFO     ___FILE_ONLY___ 
    "latest_version_string": "1.5.0",
2021-01-17 23:27:17,486 INFO     ___FILE_ONLY___ 
    "name": "Google Container Registry's Docker credential helper",
2021-01-17 23:27:17,486 INFO     ___FILE_ONLY___ 
    "size": 1890587,
2021-01-17 23:27:17,486 INFO     ___FILE_ONLY___ 
    "state": {
2021-01-17 23:27:17,486 INFO     ___FILE_ONLY___ 
      "name": "Not Installed"
2021-01-17 23:27:17,486 INFO     ___FILE_ONLY___ 
    }
2021-01-17 23:27:17,486 INFO     ___FILE_ONLY___ 
  }
2021-01-17 23:27:17,487 INFO     ___FILE_ONLY___ ,
  {
2021-01-17 23:27:17,487 INFO     ___FILE_ONLY___ 
    "current_version_string": null,
2021-01-17 23:27:17,487 INFO     ___FILE_ONLY___ 
    "id": "kustomize",
2021-01-17 23:27:17,487 INFO     ___FILE_ONLY___ 
    "is_configuration": false,
2021-01-17 23:27:17,487 INFO     ___FILE_ONLY___ 
    "is_hidden": false,
2021-01-17 23:27:17,487 INFO     ___FILE_ONLY___ 
    "latest_version_string": "3.6.1",
2021-01-17 23:27:17,487 INFO     ___FILE_ONLY___ 
    "name": "Kustomize",
2021-01-17 23:27:17,488 INFO     ___FILE_ONLY___ 
    "size": 23957302,
2021-01-17 23:27:17,488 INFO     ___FILE_ONLY___ 
    "state": {
2021-01-17 23:27:17,488 INFO     ___FILE_ONLY___ 
      "name": "Not Installed"
2021-01-17 23:27:17,488 INFO     ___FILE_ONLY___ 
    }
2021-01-17 23:27:17,488 INFO     ___FILE_ONLY___ 
  }
2021-01-17 23:27:17,488 INFO     ___FILE_ONLY___ ,
  {
2021-01-17 23:27:17,488 INFO     ___FILE_ONLY___ 
    "current_version_string": null,
2021-01-17 23:27:17,489 INFO     ___FILE_ONLY___ 
    "id": "nomos",
2021-01-17 23:27:17,489 INFO     ___FILE_ONLY___ 
    "is_configuration": false,
2021-01-17 23:27:17,489 INFO     ___FILE_ONLY___ 
    "is_hidden": false,
2021-01-17 23:27:17,489 INFO     ___FILE_ONLY___ 
    "latest_version_string": "1.6.0-rc.6",
2021-01-17 23:27:17,489 INFO     ___FILE_ONLY___ 
    "name": "Nomos CLI",
2021-01-17 23:27:17,489 INFO     ___FILE_ONLY___ 
    "size": 18541163,
2021-01-17 23:27:17,489 INFO     ___FILE_ONLY___ 
    "state": {
2021-01-17 23:27:17,489 INFO     ___FILE_ONLY___ 
      "name": "Not Installed"
2021-01-17 23:27:17,489 INFO     ___FILE_ONLY___ 
    }
2021-01-17 23:27:17,489 INFO     ___FILE_ONLY___ 
  }
2021-01-17 23:27:17,490 INFO     ___FILE_ONLY___ ,
  {
2021-01-17 23:27:17,490 INFO     ___FILE_ONLY___ 
    "current_version_string": null,
2021-01-17 23:27:17,490 INFO     ___FILE_ONLY___ 
    "id": "anthos-auth",
2021-01-17 23:27:17,490 INFO     ___FILE_ONLY___ 
    "is_configuration": false,
2021-01-17 23:27:17,490 INFO     ___FILE_ONLY___ 
    "is_hidden": false,
2021-01-17 23:27:17,491 INFO     ___FILE_ONLY___ 
    "latest_version_string": "1.1.4",
2021-01-17 23:27:17,491 INFO     ___FILE_ONLY___ 
    "name": "anthos-auth",
2021-01-17 23:27:17,491 INFO     ___FILE_ONLY___ 
    "size": 17182158,
2021-01-17 23:27:17,491 INFO     ___FILE_ONLY___ 
    "state": {
2021-01-17 23:27:17,491 INFO     ___FILE_ONLY___ 
      "name": "Not Installed"
2021-01-17 23:27:17,491 INFO     ___FILE_ONLY___ 
    }
2021-01-17 23:27:17,491 INFO     ___FILE_ONLY___ 
  }
2021-01-17 23:27:17,492 INFO     ___FILE_ONLY___ ,
  {
2021-01-17 23:27:17,492 INFO     ___FILE_ONLY___ 
    "current_version_string": null,
2021-01-17 23:27:17,492 INFO     ___FILE_ONLY___ 
    "id": "config-connector",
2021-01-17 23:27:17,492 INFO     ___FILE_ONLY___ 
    "is_configuration": false,
2021-01-17 23:27:17,492 INFO     ___FILE_ONLY___ 
    "is_hidden": false,
2021-01-17 23:27:17,493 INFO     ___FILE_ONLY___ 
    "latest_version_string": "1.34.0",
2021-01-17 23:27:17,493 INFO     ___FILE_ONLY___ 
    "name": "config-connector",
2021-01-17 23:27:17,493 INFO     ___FILE_ONLY___ 
    "size": 42464633,
2021-01-17 23:27:17,493 INFO     ___FILE_ONLY___ 
    "state": {
2021-01-17 23:27:17,493 INFO     ___FILE_ONLY___ 
      "name": "Not Installed"
2021-01-17 23:27:17,493 INFO     ___FILE_ONLY___ 
    }
2021-01-17 23:27:17,493 INFO     ___FILE_ONLY___ 
  }
2021-01-17 23:27:17,494 INFO     ___FILE_ONLY___ ,
  {
2021-01-17 23:27:17,494 INFO     ___FILE_ONLY___ 
    "current_version_string": null,
2021-01-17 23:27:17,494 INFO     ___FILE_ONLY___ 
    "id": "app-engine-java",
2021-01-17 23:27:17,494 INFO     ___FILE_ONLY___ 
    "is_configuration": false,
2021-01-17 23:27:17,495 INFO     ___FILE_ONLY___ 
    "is_hidden": false,
2021-01-17 23:27:17,495 INFO     ___FILE_ONLY___ 
    "latest_version_string": "1.9.84",
2021-01-17 23:27:17,495 INFO     ___FILE_ONLY___ 
    "name": "gcloud app Java Extensions",
2021-01-17 23:27:17,495 INFO     ___FILE_ONLY___ 
    "size": 62524994,
2021-01-17 23:27:17,495 INFO     ___FILE_ONLY___ 
    "state": {
2021-01-17 23:27:17,495 INFO     ___FILE_ONLY___ 
      "name": "Not Installed"
2021-01-17 23:27:17,495 INFO     ___FILE_ONLY___ 
    }
2021-01-17 23:27:17,495 INFO     ___FILE_ONLY___ 
  }
2021-01-17 23:27:17,496 INFO     ___FILE_ONLY___ ,
  {
2021-01-17 23:27:17,496 INFO     ___FILE_ONLY___ 
    "current_version_string": null,
2021-01-17 23:27:17,496 INFO     ___FILE_ONLY___ 
    "id": "app-engine-php",
2021-01-17 23:27:17,496 INFO     ___FILE_ONLY___ 
    "is_configuration": false,
2021-01-17 23:27:17,496 INFO     ___FILE_ONLY___ 
    "is_hidden": false,
2021-01-17 23:27:17,496 INFO     ___FILE_ONLY___ 
    "latest_version_string": "",
2021-01-17 23:27:17,496 INFO     ___FILE_ONLY___ 
    "name": "gcloud app PHP Extensions",
2021-01-17 23:27:17,497 INFO     ___FILE_ONLY___ 
    "size": 22985548,
2021-01-17 23:27:17,497 INFO     ___FILE_ONLY___ 
    "state": {
2021-01-17 23:27:17,497 INFO     ___FILE_ONLY___ 
      "name": "Not Installed"
2021-01-17 23:27:17,497 INFO     ___FILE_ONLY___ 
    }
2021-01-17 23:27:17,497 INFO     ___FILE_ONLY___ 
  }
2021-01-17 23:27:17,498 INFO     ___FILE_ONLY___ ,
  {
2021-01-17 23:27:17,498 INFO     ___FILE_ONLY___ 
    "current_version_string": null,
2021-01-17 23:27:17,498 INFO     ___FILE_ONLY___ 
    "id": "app-engine-python",
2021-01-17 23:27:17,498 INFO     ___FILE_ONLY___ 
    "is_configuration": false,
2021-01-17 23:27:17,498 INFO     ___FILE_ONLY___ 
    "is_hidden": false,
2021-01-17 23:27:17,499 INFO     ___FILE_ONLY___ 
    "latest_version_string": "1.9.91",
2021-01-17 23:27:17,499 INFO     ___FILE_ONLY___ 
    "name": "gcloud app Python Extensions",
2021-01-17 23:27:17,499 INFO     ___FILE_ONLY___ 
    "size": 6354885,
2021-01-17 23:27:17,499 INFO     ___FILE_ONLY___ 
    "state": {
2021-01-17 23:27:17,499 INFO     ___FILE_ONLY___ 
      "name": "Not Installed"
2021-01-17 23:27:17,499 INFO     ___FILE_ONLY___ 
    }
2021-01-17 23:27:17,499 INFO     ___FILE_ONLY___ 
  }
2021-01-17 23:27:17,500 INFO     ___FILE_ONLY___ ,
  {
2021-01-17 23:27:17,500 INFO     ___FILE_ONLY___ 
    "current_version_string": null,
2021-01-17 23:27:17,501 INFO     ___FILE_ONLY___ 
    "id": "app-engine-python-extras",
2021-01-17 23:27:17,501 INFO     ___FILE_ONLY___ 
    "is_configuration": false,
2021-01-17 23:27:17,501 INFO     ___FILE_ONLY___ 
    "is_hidden": false,
2021-01-17 23:27:17,501 INFO     ___FILE_ONLY___ 
    "latest_version_string": "1.9.90",
2021-01-17 23:27:17,501 INFO     ___FILE_ONLY___ 
    "name": "gcloud app Python Extensions (Extra Libraries)",
2021-01-17 23:27:17,501 INFO     ___FILE_ONLY___ 
    "size": 28462109,
2021-01-17 23:27:17,501 INFO     ___FILE_ONLY___ 
    "state": {
2021-01-17 23:27:17,501 INFO     ___FILE_ONLY___ 
      "name": "Not Installed"
2021-01-17 23:27:17,501 INFO     ___FILE_ONLY___ 
    }
2021-01-17 23:27:17,502 INFO     ___FILE_ONLY___ 
  }
2021-01-17 23:27:17,502 INFO     ___FILE_ONLY___ ,
  {
2021-01-17 23:27:17,502 INFO     ___FILE_ONLY___ 
    "current_version_string": null,
2021-01-17 23:27:17,502 INFO     ___FILE_ONLY___ 
    "id": "kpt",
2021-01-17 23:27:17,502 INFO     ___FILE_ONLY___ 
    "is_configuration": false,
2021-01-17 23:27:17,503 INFO     ___FILE_ONLY___ 
    "is_hidden": false,
2021-01-17 23:27:17,503 INFO     ___FILE_ONLY___ 
    "latest_version_string": "0.36.1",
2021-01-17 23:27:17,503 INFO     ___FILE_ONLY___ 
    "name": "kpt",
2021-01-17 23:27:17,503 INFO     ___FILE_ONLY___ 
    "size": 12629060,
2021-01-17 23:27:17,503 INFO     ___FILE_ONLY___ 
    "state": {
2021-01-17 23:27:17,503 INFO     ___FILE_ONLY___ 
      "name": "Not Installed"
2021-01-17 23:27:17,504 INFO     ___FILE_ONLY___ 
    }
2021-01-17 23:27:17,504 INFO     ___FILE_ONLY___ 
  }
2021-01-17 23:27:17,504 INFO     ___FILE_ONLY___ ,
  {
2021-01-17 23:27:17,505 INFO     ___FILE_ONLY___ 
    "current_version_string": null,
2021-01-17 23:27:17,505 INFO     ___FILE_ONLY___ 
    "id": "kubectl-oidc",
2021-01-17 23:27:17,505 INFO     ___FILE_ONLY___ 
    "is_configuration": false,
2021-01-17 23:27:17,505 INFO     ___FILE_ONLY___ 
    "is_hidden": false,
2021-01-17 23:27:17,505 INFO     ___FILE_ONLY___ 
    "latest_version_string": "1.1.4",
2021-01-17 23:27:17,505 INFO     ___FILE_ONLY___ 
    "name": "kubectl-oidc",
2021-01-17 23:27:17,505 INFO     ___FILE_ONLY___ 
    "size": 17182190,
2021-01-17 23:27:17,506 INFO     ___FILE_ONLY___ 
    "state": {
2021-01-17 23:27:17,506 INFO     ___FILE_ONLY___ 
      "name": "Not Installed"
2021-01-17 23:27:17,506 INFO     ___FILE_ONLY___ 
    }
2021-01-17 23:27:17,506 INFO     ___FILE_ONLY___ 
  }
2021-01-17 23:27:17,507 INFO     ___FILE_ONLY___ ,
  {
2021-01-17 23:27:17,507 INFO     ___FILE_ONLY___ 
    "current_version_string": null,
2021-01-17 23:27:17,507 INFO     ___FILE_ONLY___ 
    "id": "pkg",
2021-01-17 23:27:17,507 INFO     ___FILE_ONLY___ 
    "is_configuration": false,
2021-01-17 23:27:17,507 INFO     ___FILE_ONLY___ 
    "is_hidden": false,
2021-01-17 23:27:17,507 INFO     ___FILE_ONLY___ 
    "latest_version_string": "",
2021-01-17 23:27:17,508 INFO     ___FILE_ONLY___ 
    "name": "pkg",
2021-01-17 23:27:17,508 INFO     ___FILE_ONLY___ 
    "size": 0,
2021-01-17 23:27:17,508 INFO     ___FILE_ONLY___ 
    "state": {
2021-01-17 23:27:17,508 INFO     ___FILE_ONLY___ 
      "name": "Not Installed"
2021-01-17 23:27:17,508 INFO     ___FILE_ONLY___ 
    }
2021-01-17 23:27:17,508 INFO     ___FILE_ONLY___ 
  }
2021-01-17 23:27:17,509 INFO     ___FILE_ONLY___ ,
  {
2021-01-17 23:27:17,509 INFO     ___FILE_ONLY___ 
    "current_version_string": "2.0.64",
2021-01-17 23:27:17,509 INFO     ___FILE_ONLY___ 
    "id": "bq",
2021-01-17 23:27:17,509 INFO     ___FILE_ONLY___ 
    "is_configuration": false,
2021-01-17 23:27:17,509 INFO     ___FILE_ONLY___ 
    "is_hidden": false,
2021-01-17 23:27:17,510 INFO     ___FILE_ONLY___ 
    "latest_version_string": "2.0.64",
2021-01-17 23:27:17,510 INFO     ___FILE_ONLY___ 
    "name": "BigQuery Command Line Tool",
2021-01-17 23:27:17,510 INFO     ___FILE_ONLY___ 
    "size": 961855,
2021-01-17 23:27:17,510 INFO     ___FILE_ONLY___ 
    "state": {
2021-01-17 23:27:17,510 INFO     ___FILE_ONLY___ 
      "name": "Installed"
2021-01-17 23:27:17,510 INFO     ___FILE_ONLY___ 
    }
2021-01-17 23:27:17,510 INFO     ___FILE_ONLY___ 
  }
2021-01-17 23:27:17,511 INFO     ___FILE_ONLY___ ,
  {
2021-01-17 23:27:17,511 INFO     ___FILE_ONLY___ 
    "current_version_string": "2021.01.08",
2021-01-17 23:27:17,511 INFO     ___FILE_ONLY___ 
    "id": "core",
2021-01-17 23:27:17,511 INFO     ___FILE_ONLY___ 
    "is_configuration": false,
2021-01-17 23:27:17,511 INFO     ___FILE_ONLY___ 
    "is_hidden": false,
2021-01-17 23:27:17,511 INFO     ___FILE_ONLY___ 
    "latest_version_string": "2021.01.08",
2021-01-17 23:27:17,511 INFO     ___FILE_ONLY___ 
    "name": "Cloud SDK Core Libraries",
2021-01-17 23:27:17,511 INFO     ___FILE_ONLY___ 
    "size": 16869727,
2021-01-17 23:27:17,511 INFO     ___FILE_ONLY___ 
    "state": {
2021-01-17 23:27:17,511 INFO     ___FILE_ONLY___ 
      "name": "Installed"
2021-01-17 23:27:17,512 INFO     ___FILE_ONLY___ 
    }
2021-01-17 23:27:17,512 INFO     ___FILE_ONLY___ 
  }
2021-01-17 23:27:17,512 INFO     ___FILE_ONLY___ ,
  {
2021-01-17 23:27:17,512 INFO     ___FILE_ONLY___ 
    "current_version_string": "4.57",
2021-01-17 23:27:17,512 INFO     ___FILE_ONLY___ 
    "id": "gsutil",
2021-01-17 23:27:17,513 INFO     ___FILE_ONLY___ 
    "is_configuration": false,
2021-01-17 23:27:17,513 INFO     ___FILE_ONLY___ 
    "is_hidden": false,
2021-01-17 23:27:17,513 INFO     ___FILE_ONLY___ 
    "latest_version_string": "4.57",
2021-01-17 23:27:17,513 INFO     ___FILE_ONLY___ 
    "name": "Cloud Storage Command Line Tool",
2021-01-17 23:27:17,513 INFO     ___FILE_ONLY___ 
    "size": 3707500,
2021-01-17 23:27:17,513 INFO     ___FILE_ONLY___ 
    "state": {
2021-01-17 23:27:17,513 INFO     ___FILE_ONLY___ 
      "name": "Installed"
2021-01-17 23:27:17,513 INFO     ___FILE_ONLY___ 
    }
2021-01-17 23:27:17,513 INFO     ___FILE_ONLY___ 
  }
2021-01-17 23:27:17,514 INFO     ___FILE_ONLY___ ,
  {
2021-01-17 23:27:17,514 INFO     ___FILE_ONLY___ 
    "current_version_string": "1.14.0",
2021-01-17 23:27:17,514 INFO     ___FILE_ONLY___ 
    "id": "minikube",
2021-01-17 23:27:17,514 INFO     ___FILE_ONLY___ 
    "is_configuration": false,
2021-01-17 23:27:17,514 INFO     ___FILE_ONLY___ 
    "is_hidden": false,
2021-01-17 23:27:17,514 INFO     ___FILE_ONLY___ 
    "latest_version_string": "1.15.1",
2021-01-17 23:27:17,514 INFO     ___FILE_ONLY___ 
    "name": "Minikube",
2021-01-17 23:27:17,514 INFO     ___FILE_ONLY___ 
    "size": 23927939,
2021-01-17 23:27:17,515 INFO     ___FILE_ONLY___ 
    "state": {
2021-01-17 23:27:17,515 INFO     ___FILE_ONLY___ 
      "name": "Installed"
2021-01-17 23:27:17,515 INFO     ___FILE_ONLY___ 
    }
2021-01-17 23:27:17,515 INFO     ___FILE_ONLY___ 
  }
2021-01-17 23:27:17,516 INFO     ___FILE_ONLY___ ,
  {
2021-01-17 23:27:17,516 INFO     ___FILE_ONLY___ 
    "current_version_string": "1.14.0",
2021-01-17 23:27:17,516 INFO     ___FILE_ONLY___ 
    "id": "skaffold",
2021-01-17 23:27:17,516 INFO     ___FILE_ONLY___ 
    "is_configuration": false,
2021-01-17 23:27:17,517 INFO     ___FILE_ONLY___ 
    "is_hidden": false,
2021-01-17 23:27:17,517 INFO     ___FILE_ONLY___ 
    "latest_version_string": "1.17.2",
2021-01-17 23:27:17,517 INFO     ___FILE_ONLY___ 
    "name": "Skaffold",
2021-01-17 23:27:17,517 INFO     ___FILE_ONLY___ 
    "size": 16854036,
2021-01-17 23:27:17,517 INFO     ___FILE_ONLY___ 
    "state": {
2021-01-17 23:27:17,518 INFO     ___FILE_ONLY___ 
      "name": "Installed"
2021-01-17 23:27:17,518 INFO     ___FILE_ONLY___ 
    }
2021-01-17 23:27:17,518 INFO     ___FILE_ONLY___ 
  }
2021-01-17 23:27:17,519 INFO     ___FILE_ONLY___ ,
  {
2021-01-17 23:27:17,519 INFO     ___FILE_ONLY___ 
    "current_version_string": "2019.05.17",
2021-01-17 23:27:17,519 INFO     ___FILE_ONLY___ 
    "id": "alpha",
2021-01-17 23:27:17,519 INFO     ___FILE_ONLY___ 
    "is_configuration": false,
2021-01-17 23:27:17,519 INFO     ___FILE_ONLY___ 
    "is_hidden": false,
2021-01-17 23:27:17,519 INFO     ___FILE_ONLY___ 
    "latest_version_string": "2019.05.17",
2021-01-17 23:27:17,519 INFO     ___FILE_ONLY___ 
    "name": "gcloud Alpha Commands",
2021-01-17 23:27:17,519 INFO     ___FILE_ONLY___ 
    "size": 775,
2021-01-17 23:27:17,519 INFO     ___FILE_ONLY___ 
    "state": {
2021-01-17 23:27:17,519 INFO     ___FILE_ONLY___ 
      "name": "Installed"
2021-01-17 23:27:17,520 INFO     ___FILE_ONLY___ 
    }
2021-01-17 23:27:17,520 INFO     ___FILE_ONLY___ 
  }
2021-01-17 23:27:17,520 INFO     ___FILE_ONLY___ ,
  {
2021-01-17 23:27:17,520 INFO     ___FILE_ONLY___ 
    "current_version_string": "2019.05.17",
2021-01-17 23:27:17,521 INFO     ___FILE_ONLY___ 
    "id": "beta",
2021-01-17 23:27:17,521 INFO     ___FILE_ONLY___ 
    "is_configuration": false,
2021-01-17 23:27:17,521 INFO     ___FILE_ONLY___ 
    "is_hidden": false,
2021-01-17 23:27:17,521 INFO     ___FILE_ONLY___ 
    "latest_version_string": "2019.05.17",
2021-01-17 23:27:17,521 INFO     ___FILE_ONLY___ 
    "name": "gcloud Beta Commands",
2021-01-17 23:27:17,521 INFO     ___FILE_ONLY___ 
    "size": 774,
2021-01-17 23:27:17,521 INFO     ___FILE_ONLY___ 
    "state": {
2021-01-17 23:27:17,521 INFO     ___FILE_ONLY___ 
      "name": "Installed"
2021-01-17 23:27:17,675 INFO     ___FILE_ONLY___ 
    }
2021-01-17 23:27:17,675 INFO     ___FILE_ONLY___ 
  }
2021-01-17 23:27:17,676 INFO     ___FILE_ONLY___ ,
  {
2021-01-17 23:27:17,676 INFO     ___FILE_ONLY___ 
    "current_version_string": "1.17.14",
2021-01-17 23:27:17,676 INFO     ___FILE_ONLY___ 
    "id": "kubectl",
2021-01-17 23:27:17,676 INFO     ___FILE_ONLY___ 
    "is_configuration": false,
2021-01-17 23:27:17,676 INFO     ___FILE_ONLY___ 
    "is_hidden": false,
2021-01-17 23:27:17,677 INFO     ___FILE_ONLY___ 
    "latest_version_string": "1.17.14",
2021-01-17 23:27:17,677 INFO     ___FILE_ONLY___ 
    "name": "kubectl",
2021-01-17 23:27:17,677 INFO     ___FILE_ONLY___ 
    "size": 44723,
2021-01-17 23:27:17,677 INFO     ___FILE_ONLY___ 
    "state": {
2021-01-17 23:27:17,677 INFO     ___FILE_ONLY___ 
      "name": "Installed"
2021-01-17 23:27:17,677 INFO     ___FILE_ONLY___ 
    }
2021-01-17 23:27:17,677 INFO     ___FILE_ONLY___ 
  }
2021-01-17 23:27:17,677 INFO     ___FILE_ONLY___ 
]

